This is pdfTeX, Version 3.1415926-2.5-1.40.14 (TeX Live 2013) (format=pdflatex 2014.6.3)  27 JUN 2014 00:26
entering extended mode
 restricted \write18 enabled.
 %&-line parsing enabled.
**main.tex
(./main.tex
LaTeX2e <2011/06/27>
Babel <3.9f> and hyphenation patterns for 78 languages loaded.
(/usr/local/texlive/2013/texmf-dist/tex/latex/base/book.cls
Document Class: book 2007/10/19 v1.4h Standard LaTeX document class
(/usr/local/texlive/2013/texmf-dist/tex/latex/base/bk12.clo
File: bk12.clo 2007/10/19 v1.4h Standard LaTeX file (size option)
)
\c@part=\count79
\c@chapter=\count80
\c@section=\count81
\c@subsection=\count82
\c@subsubsection=\count83
\c@paragraph=\count84
\c@subparagraph=\count85
\c@figure=\count86
\c@table=\count87
\abovecaptionskip=\skip41
\belowcaptionskip=\skip42
\bibindent=\dimen102
)
(./estilos/estiloBase.sty

LaTeX Warning: You have requested package `./estilos/estiloBase',
               but the package provides `estiloBase'.

Package: estiloBase 
(/usr/local/texlive/2013/texmf-dist/tex/latex/base/inputenc.sty
Package: inputenc 2008/03/30 v1.1d Input encoding file
\inpenc@prehook=\toks14
\inpenc@posthook=\toks15

(/usr/local/texlive/2013/texmf-dist/tex/latex/base/applemac.def
File: applemac.def 2008/03/30 v1.1d Input encoding file
))
(/usr/local/texlive/2013/texmf-dist/tex/latex/psnfss/times.sty
Package: times 2005/04/12 PSNFSS-v9.2a (SPQR) 
)
(/usr/local/texlive/2013/texmf-dist/tex/latex/base/fontenc.sty
Package: fontenc 2005/09/27 v1.99g Standard LaTeX package

(/usr/local/texlive/2013/texmf-dist/tex/latex/base/t1enc.def
File: t1enc.def 2005/09/27 v1.99g Standard LaTeX file
LaTeX Font Info:    Redeclaring font encoding T1 on input line 43.
))
(/usr/local/texlive/2013/texmf-dist/tex/generic/babel/babel.sty
Package: babel 2013/05/16 v3.9f The Babel package

(/usr/local/texlive/2013/texmf-dist/tex/generic/babel-spanish/spanish.ldf
Language: spanish.ldf 2010/05/23 v5.0j Spanish support from the babel system

(/usr/local/texlive/2013/texmf-dist/tex/generic/babel/babel.def
File: babel.def 2013/05/16 v3.9f Babel common definitions
\babel@savecnt=\count88
\U@D=\dimen103
)
\es@datefmt=\count89
\es@quottoks=\toks16
\es@quotdepth=\count90
Package babel Info: Making " an active character on input line 495.
Package babel Info: Making . an active character on input line 588.
Package babel Info: Making < an active character on input line 633.
Package babel Info: Making > an active character on input line 633.
))
(/usr/local/texlive/2013/texmf-dist/tex/latex/graphics/color.sty
Package: color 2005/11/14 v1.0j Standard LaTeX Color (DPC)

(/usr/local/texlive/2013/texmf-dist/tex/latex/latexconfig/color.cfg
File: color.cfg 2007/01/18 v1.5 color configuration of teTeX/TeXLive
)
Package color Info: Driver file: pdftex.def on input line 130.

(/usr/local/texlive/2013/texmf-dist/tex/latex/pdftex-def/pdftex.def
File: pdftex.def 2011/05/27 v0.06d Graphics/color for pdfTeX

(/usr/local/texlive/2013/texmf-dist/tex/generic/oberdiek/infwarerr.sty
Package: infwarerr 2010/04/08 v1.3 Providing info/warning/error messages (HO)
)
(/usr/local/texlive/2013/texmf-dist/tex/generic/oberdiek/ltxcmds.sty
Package: ltxcmds 2011/11/09 v1.22 LaTeX kernel commands for general use (HO)
)
\Gread@gobject=\count91
))
(/usr/local/texlive/2013/texmf-dist/tex/latex/hyperref/hyperref.sty
Package: hyperref 2012/11/06 v6.83m Hypertext links for LaTeX

(/usr/local/texlive/2013/texmf-dist/tex/generic/oberdiek/hobsub-hyperref.sty
Package: hobsub-hyperref 2012/05/28 v1.13 Bundle oberdiek, subset hyperref (HO)


(/usr/local/texlive/2013/texmf-dist/tex/generic/oberdiek/hobsub-generic.sty
Package: hobsub-generic 2012/05/28 v1.13 Bundle oberdiek, subset generic (HO)
Package: hobsub 2012/05/28 v1.13 Construct package bundles (HO)
Package hobsub Info: Skipping package `infwarerr' (already loaded).
Package hobsub Info: Skipping package `ltxcmds' (already loaded).
Package: ifluatex 2010/03/01 v1.3 Provides the ifluatex switch (HO)
Package ifluatex Info: LuaTeX not detected.
Package: ifvtex 2010/03/01 v1.5 Detect VTeX and its facilities (HO)
Package ifvtex Info: VTeX not detected.
Package: intcalc 2007/09/27 v1.1 Expandable calculations with integers (HO)
Package: ifpdf 2011/01/30 v2.3 Provides the ifpdf switch (HO)
Package ifpdf Info: pdfTeX in PDF mode is detected.
Package: etexcmds 2011/02/16 v1.5 Avoid name clashes with e-TeX commands (HO)
Package etexcmds Info: Could not find \expanded.
(etexcmds)             That can mean that you are not using pdfTeX 1.50 or
(etexcmds)             that some package has redefined \expanded.
(etexcmds)             In the latter case, load this package earlier.
Package: kvsetkeys 2012/04/25 v1.16 Key value parser (HO)
Package: kvdefinekeys 2011/04/07 v1.3 Define keys (HO)
Package: pdftexcmds 2011/11/29 v0.20 Utility functions of pdfTeX for LuaTeX (HO
)
Package pdftexcmds Info: LuaTeX not detected.
Package pdftexcmds Info: \pdf@primitive is available.
Package pdftexcmds Info: \pdf@ifprimitive is available.
Package pdftexcmds Info: \pdfdraftmode found.
Package: pdfescape 2011/11/25 v1.13 Implements pdfTeX's escape features (HO)
Package: bigintcalc 2012/04/08 v1.3 Expandable calculations on big integers (HO
)
Package: bitset 2011/01/30 v1.1 Handle bit-vector datatype (HO)
Package: uniquecounter 2011/01/30 v1.2 Provide unlimited unique counter (HO)
)
Package hobsub Info: Skipping package `hobsub' (already loaded).
Package: letltxmacro 2010/09/02 v1.4 Let assignment for LaTeX macros (HO)
Package: hopatch 2012/05/28 v1.2 Wrapper for package hooks (HO)
Package: xcolor-patch 2011/01/30 xcolor patch
Package: atveryend 2011/06/30 v1.8 Hooks at the very end of document (HO)
Package atveryend Info: \enddocument detected (standard20110627).
Package: atbegshi 2011/10/05 v1.16 At begin shipout hook (HO)
Package: refcount 2011/10/16 v3.4 Data extraction from label references (HO)
Package: hycolor 2011/01/30 v1.7 Color options for hyperref/bookmark (HO)
)
(/usr/local/texlive/2013/texmf-dist/tex/latex/graphics/keyval.sty
Package: keyval 1999/03/16 v1.13 key=value parser (DPC)
\KV@toks@=\toks17
)
(/usr/local/texlive/2013/texmf-dist/tex/generic/ifxetex/ifxetex.sty
Package: ifxetex 2010/09/12 v0.6 Provides ifxetex conditional
)
(/usr/local/texlive/2013/texmf-dist/tex/latex/oberdiek/auxhook.sty
Package: auxhook 2011/03/04 v1.3 Hooks for auxiliary files (HO)
)
(/usr/local/texlive/2013/texmf-dist/tex/latex/oberdiek/kvoptions.sty
Package: kvoptions 2011/06/30 v3.11 Key value format for package options (HO)
)
\@linkdim=\dimen104
\Hy@linkcounter=\count92
\Hy@pagecounter=\count93

(/usr/local/texlive/2013/texmf-dist/tex/latex/hyperref/pd1enc.def
File: pd1enc.def 2012/11/06 v6.83m Hyperref: PDFDocEncoding definition (HO)
)
\Hy@SavedSpaceFactor=\count94

(/usr/local/texlive/2013/texmf-dist/tex/latex/latexconfig/hyperref.cfg
File: hyperref.cfg 2002/06/06 v1.2 hyperref configuration of TeXLive
)
Package hyperref Info: Option `colorlinks' set `true' on input line 4319.
Package hyperref Info: Hyper figures OFF on input line 4443.
Package hyperref Info: Link nesting OFF on input line 4448.
Package hyperref Info: Hyper index ON on input line 4451.
Package hyperref Info: Plain pages OFF on input line 4458.
Package hyperref Info: Backreferencing OFF on input line 4463.
Package hyperref Info: Implicit mode ON; LaTeX internals redefined.
Package hyperref Info: Bookmarks ON on input line 4688.
\c@Hy@tempcnt=\count95

(/usr/local/texlive/2013/texmf-dist/tex/latex/url/url.sty
\Urlmuskip=\muskip10
Package: url 2006/04/12  ver 3.3  Verb mode for urls, etc.
)
LaTeX Info: Redefining \url on input line 5041.
\XeTeXLinkMargin=\dimen105
\Fld@menulength=\count96
\Field@Width=\dimen106
\Fld@charsize=\dimen107
Package hyperref Info: Hyper figures OFF on input line 6295.
Package hyperref Info: Link nesting OFF on input line 6300.
Package hyperref Info: Hyper index ON on input line 6303.
Package hyperref Info: backreferencing OFF on input line 6310.
Package hyperref Info: Link coloring ON on input line 6313.
Package hyperref Info: Link coloring with OCG OFF on input line 6320.
Package hyperref Info: PDF/A mode OFF on input line 6325.
LaTeX Info: Redefining \ref on input line 6365.
LaTeX Info: Redefining \pageref on input line 6369.
\Hy@abspage=\count97
\c@Item=\count98
\c@Hfootnote=\count99
)

Package hyperref Message: Driver (autodetected): hpdftex.

(/usr/local/texlive/2013/texmf-dist/tex/latex/hyperref/hpdftex.def
File: hpdftex.def 2012/11/06 v6.83m Hyperref driver for pdfTeX
\Fld@listcount=\count100
\c@bookmark@seq@number=\count101

(/usr/local/texlive/2013/texmf-dist/tex/latex/oberdiek/rerunfilecheck.sty
Package: rerunfilecheck 2011/04/15 v1.7 Rerun checks for auxiliary files (HO)
Package uniquecounter Info: New unique counter `rerunfilecheck' on input line 2
82.
)
\Hy@SectionHShift=\skip43
)
(/usr/local/texlive/2013/texmf-dist/tex/latex/geometry/geometry.sty
Package: geometry 2010/09/12 v5.6 Page Geometry
\Gm@cnth=\count102
\Gm@cntv=\count103
\c@Gm@tempcnt=\count104
\Gm@bindingoffset=\dimen108
\Gm@wd@mp=\dimen109
\Gm@odd@mp=\dimen110
\Gm@even@mp=\dimen111
\Gm@layoutwidth=\dimen112
\Gm@layoutheight=\dimen113
\Gm@layouthoffset=\dimen114
\Gm@layoutvoffset=\dimen115
\Gm@dimlist=\toks18
)
(/usr/local/texlive/2013/texmf-dist/tex/latex/subfigure/subfigure.sty
Package: subfigure 2002/03/15 v2.1.5 subfigure package
\subfigtopskip=\skip44
\subfigcapskip=\skip45
\subfigcaptopadj=\dimen116
\subfigbottomskip=\skip46
\subfigcapmargin=\dimen117
\subfiglabelskip=\skip47
\c@subfigure=\count105
\c@lofdepth=\count106
\c@subtable=\count107
\c@lotdepth=\count108

****************************************
* Local config file subfigure.cfg used *
****************************************
(/usr/local/texlive/2013/texmf-dist/tex/latex/subfigure/subfigure.cfg)
\subfig@top=\skip48
\subfig@bottom=\skip49
)
(/usr/local/texlive/2013/texmf-dist/tex/latex/amsfonts/amsfonts.sty
Package: amsfonts 2013/01/14 v3.01 Basic AMSFonts support
\@emptytoks=\toks19
\symAMSa=\mathgroup4
\symAMSb=\mathgroup5
LaTeX Font Info:    Overwriting math alphabet `\mathfrak' in version `bold'
(Font)                  U/euf/m/n --> U/euf/b/n on input line 106.
)
(/usr/local/texlive/2013/texmf-dist/tex/latex/amsfonts/amssymb.sty
Package: amssymb 2013/01/14 v3.01 AMS font symbols
)
(/usr/local/texlive/2013/texmf-dist/tex/latex/amscls/amsthm.sty
Package: amsthm 2004/08/06 v2.20
\thm@style=\toks20
\thm@bodyfont=\toks21
\thm@headfont=\toks22
\thm@notefont=\toks23
\thm@headpunct=\toks24
\thm@preskip=\skip50
\thm@postskip=\skip51
\thm@headsep=\skip52
\dth@everypar=\toks25
)
(/usr/local/texlive/2013/texmf-dist/tex/latex/amsmath/amsmath.sty
Package: amsmath 2013/01/14 v2.14 AMS math features
\@mathmargin=\skip53

For additional information on amsmath, use the `?' option.
(/usr/local/texlive/2013/texmf-dist/tex/latex/amsmath/amstext.sty
Package: amstext 2000/06/29 v2.01

(/usr/local/texlive/2013/texmf-dist/tex/latex/amsmath/amsgen.sty
File: amsgen.sty 1999/11/30 v2.0
\@emptytoks=\toks26
\ex@=\dimen118
))
(/usr/local/texlive/2013/texmf-dist/tex/latex/amsmath/amsbsy.sty
Package: amsbsy 1999/11/29 v1.2d
\pmbraise@=\dimen119
)
(/usr/local/texlive/2013/texmf-dist/tex/latex/amsmath/amsopn.sty
Package: amsopn 1999/12/14 v2.01 operator names
)
\inf@bad=\count109
LaTeX Info: Redefining \frac on input line 210.
\uproot@=\count110
\leftroot@=\count111
LaTeX Info: Redefining \overline on input line 306.
\classnum@=\count112
\DOTSCASE@=\count113
LaTeX Info: Redefining \ldots on input line 378.
LaTeX Info: Redefining \dots on input line 381.
LaTeX Info: Redefining \cdots on input line 466.
\Mathstrutbox@=\box26
\strutbox@=\box27
\big@size=\dimen120
LaTeX Font Info:    Redeclaring font encoding OML on input line 566.
LaTeX Font Info:    Redeclaring font encoding OMS on input line 567.
\macc@depth=\count114
\c@MaxMatrixCols=\count115
\dotsspace@=\muskip11
\c@parentequation=\count116
\dspbrk@lvl=\count117
\tag@help=\toks27
\row@=\count118
\column@=\count119
\maxfields@=\count120
\andhelp@=\toks28
\eqnshift@=\dimen121
\alignsep@=\dimen122
\tagshift@=\dimen123
\tagwidth@=\dimen124
\totwidth@=\dimen125
\lineht@=\dimen126
\@envbody=\toks29
\multlinegap=\skip54
\multlinetaggap=\skip55
\mathdisplay@stack=\toks30
LaTeX Info: Redefining \[ on input line 2665.
LaTeX Info: Redefining \] on input line 2666.
)
(/usr/local/texlive/2013/texmf-dist/tex/latex/tools/array.sty
Package: array 2008/09/09 v2.4c Tabular extension package (FMi)
\col@sep=\dimen127
\extrarowheight=\dimen128
\NC@list=\toks31
\extratabsurround=\skip56
\backup@length=\skip57
)
(/usr/local/texlive/2013/texmf-dist/tex/latex/multirow/multirow.sty
\bigstrutjot=\dimen129
)
(/usr/local/texlive/2013/texmf-dist/tex/latex/supertabular/supertabular.sty
Package: supertabular 2004/02/20 v4.1e the supertabular environment
\c@tracingst=\count121
\ST@wd=\dimen130
\ST@rightskip=\skip58
\ST@leftskip=\skip59
\ST@parfillskip=\skip60
\ST@pageleft=\dimen131
\ST@headht=\dimen132
\ST@tailht=\dimen133
\ST@pagesofar=\dimen134
\ST@pboxht=\dimen135
\ST@lineht=\dimen136
\ST@stretchht=\dimen137
\ST@prevht=\dimen138
\ST@toadd=\dimen139
\ST@dimen=\dimen140
\ST@pbox=\box28
)
(/usr/local/texlive/2013/texmf-dist/tex/latex/listings/listings.sty
\lst@mode=\count122
\lst@gtempboxa=\box29
\lst@token=\toks32
\lst@length=\count123
\lst@currlwidth=\dimen141
\lst@column=\count124
\lst@pos=\count125
\lst@lostspace=\dimen142
\lst@width=\dimen143
\lst@newlines=\count126
\lst@lineno=\count127
\lst@maxwidth=\dimen144

(/usr/local/texlive/2013/texmf-dist/tex/latex/listings/lstmisc.sty
File: lstmisc.sty 2007/02/22 1.4 (Carsten Heinz)
\c@lstnumber=\count128
\lst@skipnumbers=\count129
\lst@framebox=\box30
)
(/usr/local/texlive/2013/texmf-dist/tex/latex/listings/listings.cfg
File: listings.cfg 2007/02/22 1.4 listings configuration
))
Package: listings 2007/02/22 1.4 (Carsten Heinz)

(/usr/local/texlive/2013/texmf-dist/tex/latex/caption/caption.sty
Package: caption 2013/05/02 v3.3-89 Customizing captions (AR)

(/usr/local/texlive/2013/texmf-dist/tex/latex/caption/caption3.sty
Package: caption3 2013/05/02 v1.6-88 caption3 kernel (AR)
Package caption3 Info: TeX engine: e-TeX on input line 57.
\captionmargin=\dimen145
\captionmargin@=\dimen146
\captionwidth=\dimen147
\caption@tempdima=\dimen148
\caption@indent=\dimen149
\caption@parindent=\dimen150
\caption@hangindent=\dimen151
)
\c@ContinuedFloat=\count130
Package caption Info: hyperref package is loaded.
Package caption Info: listings package is loaded.
Package caption Info: subfigure package is loaded.
Package caption Info: supertabular package is loaded.
)
(/usr/local/texlive/2013/texmf-dist/tex/latex/eurosym/eurosym.sty
Package: eurosym 1998/08/06 v1.1 European currency symbol ``Euro''
\@eurobox=\box31
)
(/usr/local/texlive/2013/texmf-dist/tex/latex/float/float.sty
Package: float 2001/11/08 v1.3d Float enhancements (AL)
\c@float@type=\count131
\float@exts=\toks33
\float@box=\box32
\@float@everytoks=\toks34
\@floatcapt=\box33
)
(/usr/local/texlive/2013/texmf-dist/tex/latex/preprint/fullpage.sty
Package: fullpage 1999/02/23 1.1 (PWD)
\FP@margin=\skip61
)
(/usr/local/texlive/2013/texmf-dist/tex/latex/graphics/graphicx.sty
Package: graphicx 1999/02/16 v1.0f Enhanced LaTeX Graphics (DPC,SPQR)

(/usr/local/texlive/2013/texmf-dist/tex/latex/graphics/graphics.sty
Package: graphics 2009/02/05 v1.0o Standard LaTeX Graphics (DPC,SPQR)

(/usr/local/texlive/2013/texmf-dist/tex/latex/graphics/trig.sty
Package: trig 1999/03/16 v1.09 sin cos tan (DPC)
)
(/usr/local/texlive/2013/texmf-dist/tex/latex/latexconfig/graphics.cfg
File: graphics.cfg 2010/04/23 v1.9 graphics configuration of TeX Live
)
Package graphics Info: Driver file: pdftex.def on input line 91.
)
\Gin@req@height=\dimen152
\Gin@req@width=\dimen153
))
(/usr/local/texlive/2013/texmf-dist/tex/latex/pgf/frontendlayer/tikz.sty
(/usr/local/texlive/2013/texmf-dist/tex/latex/pgf/basiclayer/pgf.sty
(/usr/local/texlive/2013/texmf-dist/tex/latex/pgf/utilities/pgfrcs.sty
(/usr/local/texlive/2013/texmf-dist/tex/generic/pgf/utilities/pgfutil-common.te
x
\pgfutil@everybye=\toks35
)
(/usr/local/texlive/2013/texmf-dist/tex/generic/pgf/utilities/pgfutil-latex.def
\pgfutil@abb=\box34
(/usr/local/texlive/2013/texmf-dist/tex/latex/ms/everyshi.sty
Package: everyshi 2001/05/15 v3.00 EveryShipout Package (MS)
))
(/usr/local/texlive/2013/texmf-dist/tex/generic/pgf/utilities/pgfrcs.code.tex
Package: pgfrcs 2010/10/25 v2.10 (rcs-revision 1.24)
))
Package: pgf 2008/01/15 v2.10 (rcs-revision 1.12)
(/usr/local/texlive/2013/texmf-dist/tex/latex/pgf/basiclayer/pgfcore.sty
(/usr/local/texlive/2013/texmf-dist/tex/latex/pgf/systemlayer/pgfsys.sty
(/usr/local/texlive/2013/texmf-dist/tex/generic/pgf/systemlayer/pgfsys.code.tex
Package: pgfsys 2010/06/30 v2.10 (rcs-revision 1.37)
(/usr/local/texlive/2013/texmf-dist/tex/generic/pgf/utilities/pgfkeys.code.tex
\pgfkeys@pathtoks=\toks36
\pgfkeys@temptoks=\toks37

(/usr/local/texlive/2013/texmf-dist/tex/generic/pgf/utilities/pgfkeysfiltered.c
ode.tex
\pgfkeys@tmptoks=\toks38
))
\pgf@x=\dimen154
\pgf@y=\dimen155
\pgf@xa=\dimen156
\pgf@ya=\dimen157
\pgf@xb=\dimen158
\pgf@yb=\dimen159
\pgf@xc=\dimen160
\pgf@yc=\dimen161
\w@pgf@writea=\write3
\r@pgf@reada=\read1
\c@pgf@counta=\count132
\c@pgf@countb=\count133
\c@pgf@countc=\count134
\c@pgf@countd=\count135

(/usr/local/texlive/2013/texmf-dist/tex/generic/pgf/systemlayer/pgf.cfg
File: pgf.cfg 2008/05/14  (rcs-revision 1.7)
)
Package pgfsys Info: Driver file for pgf: pgfsys-pdftex.def on input line 900.

(/usr/local/texlive/2013/texmf-dist/tex/generic/pgf/systemlayer/pgfsys-pdftex.d
ef
File: pgfsys-pdftex.def 2009/05/22  (rcs-revision 1.26)

(/usr/local/texlive/2013/texmf-dist/tex/generic/pgf/systemlayer/pgfsys-common-p
df.def
File: pgfsys-common-pdf.def 2008/05/19  (rcs-revision 1.10)
)))
(/usr/local/texlive/2013/texmf-dist/tex/generic/pgf/systemlayer/pgfsyssoftpath.
code.tex
File: pgfsyssoftpath.code.tex 2008/07/18  (rcs-revision 1.7)
\pgfsyssoftpath@smallbuffer@items=\count136
\pgfsyssoftpath@bigbuffer@items=\count137
)
(/usr/local/texlive/2013/texmf-dist/tex/generic/pgf/systemlayer/pgfsysprotocol.
code.tex
File: pgfsysprotocol.code.tex 2006/10/16  (rcs-revision 1.4)
)) (/usr/local/texlive/2013/texmf-dist/tex/latex/xcolor/xcolor.sty
Package: xcolor 2007/01/21 v2.11 LaTeX color extensions (UK)

(/usr/local/texlive/2013/texmf-dist/tex/latex/latexconfig/color.cfg
File: color.cfg 2007/01/18 v1.5 color configuration of teTeX/TeXLive
)
Package xcolor Info: Driver file: pdftex.def on input line 225.
LaTeX Info: Redefining \color on input line 702.
Package xcolor Info: Model `cmy' substituted by `cmy0' on input line 1337.
Package xcolor Info: Model `hsb' substituted by `rgb' on input line 1341.
Package xcolor Info: Model `RGB' extended on input line 1353.
Package xcolor Info: Model `HTML' substituted by `rgb' on input line 1355.
Package xcolor Info: Model `Hsb' substituted by `hsb' on input line 1356.
Package xcolor Info: Model `tHsb' substituted by `hsb' on input line 1357.
Package xcolor Info: Model `HSB' substituted by `hsb' on input line 1358.
Package xcolor Info: Model `Gray' substituted by `gray' on input line 1359.
Package xcolor Info: Model `wave' substituted by `hsb' on input line 1360.
)
(/usr/local/texlive/2013/texmf-dist/tex/generic/pgf/basiclayer/pgfcore.code.tex
Package: pgfcore 2010/04/11 v2.10 (rcs-revision 1.7)
(/usr/local/texlive/2013/texmf-dist/tex/generic/pgf/math/pgfmath.code.tex
(/usr/local/texlive/2013/texmf-dist/tex/generic/pgf/math/pgfmathcalc.code.tex
(/usr/local/texlive/2013/texmf-dist/tex/generic/pgf/math/pgfmathutil.code.tex)
(/usr/local/texlive/2013/texmf-dist/tex/generic/pgf/math/pgfmathparser.code.tex
\pgfmath@dimen=\dimen162
\pgfmath@count=\count138
\pgfmath@box=\box35
\pgfmath@toks=\toks39
\pgfmath@stack@operand=\toks40
\pgfmath@stack@operation=\toks41
)
(/usr/local/texlive/2013/texmf-dist/tex/generic/pgf/math/pgfmathfunctions.code.
tex
(/usr/local/texlive/2013/texmf-dist/tex/generic/pgf/math/pgfmathfunctions.basic
.code.tex)
(/usr/local/texlive/2013/texmf-dist/tex/generic/pgf/math/pgfmathfunctions.trigo
nometric.code.tex)
(/usr/local/texlive/2013/texmf-dist/tex/generic/pgf/math/pgfmathfunctions.rando
m.code.tex)
(/usr/local/texlive/2013/texmf-dist/tex/generic/pgf/math/pgfmathfunctions.compa
rison.code.tex)
(/usr/local/texlive/2013/texmf-dist/tex/generic/pgf/math/pgfmathfunctions.base.
code.tex)
(/usr/local/texlive/2013/texmf-dist/tex/generic/pgf/math/pgfmathfunctions.round
.code.tex)
(/usr/local/texlive/2013/texmf-dist/tex/generic/pgf/math/pgfmathfunctions.misc.
code.tex)))
(/usr/local/texlive/2013/texmf-dist/tex/generic/pgf/math/pgfmathfloat.code.tex
\c@pgfmathroundto@lastzeros=\count139
))
(/usr/local/texlive/2013/texmf-dist/tex/generic/pgf/basiclayer/pgfcorepoints.co
de.tex
File: pgfcorepoints.code.tex 2010/04/09  (rcs-revision 1.20)
\pgf@picminx=\dimen163
\pgf@picmaxx=\dimen164
\pgf@picminy=\dimen165
\pgf@picmaxy=\dimen166
\pgf@pathminx=\dimen167
\pgf@pathmaxx=\dimen168
\pgf@pathminy=\dimen169
\pgf@pathmaxy=\dimen170
\pgf@xx=\dimen171
\pgf@xy=\dimen172
\pgf@yx=\dimen173
\pgf@yy=\dimen174
\pgf@zx=\dimen175
\pgf@zy=\dimen176
)
(/usr/local/texlive/2013/texmf-dist/tex/generic/pgf/basiclayer/pgfcorepathconst
ruct.code.tex
File: pgfcorepathconstruct.code.tex 2010/08/03  (rcs-revision 1.24)
\pgf@path@lastx=\dimen177
\pgf@path@lasty=\dimen178
)
(/usr/local/texlive/2013/texmf-dist/tex/generic/pgf/basiclayer/pgfcorepathusage
.code.tex
File: pgfcorepathusage.code.tex 2008/04/22  (rcs-revision 1.12)
\pgf@shorten@end@additional=\dimen179
\pgf@shorten@start@additional=\dimen180
)
(/usr/local/texlive/2013/texmf-dist/tex/generic/pgf/basiclayer/pgfcorescopes.co
de.tex
File: pgfcorescopes.code.tex 2010/09/08  (rcs-revision 1.34)
\pgfpic=\box36
\pgf@hbox=\box37
\pgf@layerbox@main=\box38
\pgf@picture@serial@count=\count140
)
(/usr/local/texlive/2013/texmf-dist/tex/generic/pgf/basiclayer/pgfcoregraphicst
ate.code.tex
File: pgfcoregraphicstate.code.tex 2008/04/22  (rcs-revision 1.9)
\pgflinewidth=\dimen181
)
(/usr/local/texlive/2013/texmf-dist/tex/generic/pgf/basiclayer/pgfcoretransform
ations.code.tex
File: pgfcoretransformations.code.tex 2009/06/10  (rcs-revision 1.11)
\pgf@pt@x=\dimen182
\pgf@pt@y=\dimen183
\pgf@pt@temp=\dimen184
)
(/usr/local/texlive/2013/texmf-dist/tex/generic/pgf/basiclayer/pgfcorequick.cod
e.tex
File: pgfcorequick.code.tex 2008/10/09  (rcs-revision 1.3)
)
(/usr/local/texlive/2013/texmf-dist/tex/generic/pgf/basiclayer/pgfcoreobjects.c
ode.tex
File: pgfcoreobjects.code.tex 2006/10/11  (rcs-revision 1.2)
)
(/usr/local/texlive/2013/texmf-dist/tex/generic/pgf/basiclayer/pgfcorepathproce
ssing.code.tex
File: pgfcorepathprocessing.code.tex 2008/10/09  (rcs-revision 1.8)
)
(/usr/local/texlive/2013/texmf-dist/tex/generic/pgf/basiclayer/pgfcorearrows.co
de.tex
File: pgfcorearrows.code.tex 2008/04/23  (rcs-revision 1.11)
)
(/usr/local/texlive/2013/texmf-dist/tex/generic/pgf/basiclayer/pgfcoreshade.cod
e.tex
File: pgfcoreshade.code.tex 2008/11/23  (rcs-revision 1.13)
\pgf@max=\dimen185
\pgf@sys@shading@range@num=\count141
)
(/usr/local/texlive/2013/texmf-dist/tex/generic/pgf/basiclayer/pgfcoreimage.cod
e.tex
File: pgfcoreimage.code.tex 2010/03/25  (rcs-revision 1.16)

(/usr/local/texlive/2013/texmf-dist/tex/generic/pgf/basiclayer/pgfcoreexternal.
code.tex
File: pgfcoreexternal.code.tex 2010/09/01  (rcs-revision 1.17)
\pgfexternal@startupbox=\box39
))
(/usr/local/texlive/2013/texmf-dist/tex/generic/pgf/basiclayer/pgfcorelayers.co
de.tex
File: pgfcorelayers.code.tex 2010/08/27  (rcs-revision 1.2)
)
(/usr/local/texlive/2013/texmf-dist/tex/generic/pgf/basiclayer/pgfcoretranspare
ncy.code.tex
File: pgfcoretransparency.code.tex 2008/01/17  (rcs-revision 1.2)
)
(/usr/local/texlive/2013/texmf-dist/tex/generic/pgf/basiclayer/pgfcorepatterns.
code.tex
File: pgfcorepatterns.code.tex 2009/07/02  (rcs-revision 1.3)
)))
(/usr/local/texlive/2013/texmf-dist/tex/generic/pgf/modules/pgfmoduleshapes.cod
e.tex
File: pgfmoduleshapes.code.tex 2010/09/09  (rcs-revision 1.13)
\pgfnodeparttextbox=\box40
)
(/usr/local/texlive/2013/texmf-dist/tex/generic/pgf/modules/pgfmoduleplot.code.
tex
File: pgfmoduleplot.code.tex 2010/10/22  (rcs-revision 1.8)
)
(/usr/local/texlive/2013/texmf-dist/tex/latex/pgf/compatibility/pgfcomp-version
-0-65.sty
Package: pgfcomp-version-0-65 2007/07/03 v2.10 (rcs-revision 1.7)
\pgf@nodesepstart=\dimen186
\pgf@nodesepend=\dimen187
)
(/usr/local/texlive/2013/texmf-dist/tex/latex/pgf/compatibility/pgfcomp-version
-1-18.sty
Package: pgfcomp-version-1-18 2007/07/23 v2.10 (rcs-revision 1.1)
))
(/usr/local/texlive/2013/texmf-dist/tex/latex/pgf/utilities/pgffor.sty
(/usr/local/texlive/2013/texmf-dist/tex/latex/pgf/utilities/pgfkeys.sty
(/usr/local/texlive/2013/texmf-dist/tex/generic/pgf/utilities/pgfkeys.code.tex)
) (/usr/local/texlive/2013/texmf-dist/tex/generic/pgf/utilities/pgffor.code.tex
Package: pgffor 2010/03/23 v2.10 (rcs-revision 1.18)
\pgffor@iter=\dimen188
\pgffor@skip=\dimen189
\pgffor@stack=\toks42
\pgffor@toks=\toks43
))
(/usr/local/texlive/2013/texmf-dist/tex/generic/pgf/frontendlayer/tikz/tikz.cod
e.tex
Package: tikz 2010/10/13 v2.10 (rcs-revision 1.76)

(/usr/local/texlive/2013/texmf-dist/tex/generic/pgf/libraries/pgflibraryplothan
dlers.code.tex
File: pgflibraryplothandlers.code.tex 2010/05/31 v2.10 (rcs-revision 1.15)
\pgf@plot@mark@count=\count142
\pgfplotmarksize=\dimen190
)
\tikz@lastx=\dimen191
\tikz@lasty=\dimen192
\tikz@lastxsaved=\dimen193
\tikz@lastysaved=\dimen194
\tikzleveldistance=\dimen195
\tikzsiblingdistance=\dimen196
\tikz@figbox=\box41
\tikz@tempbox=\box42
\tikztreelevel=\count143
\tikznumberofchildren=\count144
\tikznumberofcurrentchild=\count145
\tikz@fig@count=\count146

(/usr/local/texlive/2013/texmf-dist/tex/generic/pgf/modules/pgfmodulematrix.cod
e.tex
File: pgfmodulematrix.code.tex 2010/08/24  (rcs-revision 1.4)
\pgfmatrixcurrentrow=\count147
\pgfmatrixcurrentcolumn=\count148
\pgf@matrix@numberofcolumns=\count149
)
\tikz@expandcount=\count150

(/usr/local/texlive/2013/texmf-dist/tex/generic/pgf/frontendlayer/tikz/librarie
s/tikzlibrarytopaths.code.tex
File: tikzlibrarytopaths.code.tex 2008/06/17 v2.10 (rcs-revision 1.2)
))) (./estilos/colores.sty)
(./estilos/comandos.sty
\c@defin=\count151
\savedwidth=\skip62
)
(/usr/local/texlive/2013/texmf-dist/tex/latex/enumitem/enumitem.sty
Package: enumitem 2011/09/28 v3.5.2 Customized lists
\labelindent=\skip63
\enit@outerparindent=\dimen197
\enit@toks=\toks44
\enit@inbox=\box43
\enitdp@description=\count152
)
(./main.aux)
\openout1 = `main.aux'.

LaTeX Font Info:    Checking defaults for OML/cmm/m/it on input line 23.
LaTeX Font Info:    ... okay on input line 23.
LaTeX Font Info:    Checking defaults for T1/cmr/m/n on input line 23.
LaTeX Font Info:    ... okay on input line 23.
LaTeX Font Info:    Checking defaults for OT1/cmr/m/n on input line 23.
LaTeX Font Info:    ... okay on input line 23.
LaTeX Font Info:    Checking defaults for OMS/cmsy/m/n on input line 23.
LaTeX Font Info:    ... okay on input line 23.
LaTeX Font Info:    Checking defaults for OMX/cmex/m/n on input line 23.
LaTeX Font Info:    ... okay on input line 23.
LaTeX Font Info:    Checking defaults for U/cmr/m/n on input line 23.
LaTeX Font Info:    ... okay on input line 23.
LaTeX Font Info:    Checking defaults for PD1/pdf/m/n on input line 23.
LaTeX Font Info:    ... okay on input line 23.
LaTeX Font Info:    Try loading font information for T1+ptm on input line 23.
 (/usr/local/texlive/2013/texmf-dist/tex/latex/psnfss/t1ptm.fd
File: t1ptm.fd 2001/06/04 font definitions for T1/ptm.
)
LaTeX Info: Redefining \. on input line 23.
LaTeX Info: Redefining \% on input line 23.

(/usr/local/texlive/2013/texmf-dist/tex/context/base/supp-pdf.mkii
[Loading MPS to PDF converter (version 2006.09.02).]
\scratchcounter=\count153
\scratchdimen=\dimen198
\scratchbox=\box44
\nofMPsegments=\count154
\nofMParguments=\count155
\everyMPshowfont=\toks45
\MPscratchCnt=\count156
\MPscratchDim=\dimen199
\MPnumerator=\count157
\makeMPintoPDFobject=\count158
\everyMPtoPDFconversion=\toks46
)
\AtBeginShipoutBox=\box45
Package hyperref Info: Link coloring ON on input line 23.
 (/usr/local/texlive/2013/texmf-dist/tex/latex/hyperref/nameref.sty
Package: nameref 2012/10/27 v2.43 Cross-referencing by name of section

(/usr/local/texlive/2013/texmf-dist/tex/generic/oberdiek/gettitlestring.sty
Package: gettitlestring 2010/12/03 v1.4 Cleanup title references (HO)
)
\c@section@level=\count159
)
LaTeX Info: Redefining \ref on input line 23.
LaTeX Info: Redefining \pageref on input line 23.
LaTeX Info: Redefining \nameref on input line 23.

(./main.out) (./main.out)
\@outlinefile=\write4
\openout4 = `main.out'.


*geometry* driver: auto-detecting
*geometry* detected driver: pdftex
*geometry* verbose mode - [ preamble ] result:
* driver: pdftex
* paper: a4paper
* layout: <same size as paper>
* layoutoffset:(h,v)=(0.0pt,0.0pt)
* modes: twoside 
* h-part:(L,W,R)=(71.13188pt, 455.24411pt, 71.13188pt)
* v-part:(T,H,B)=(99.58464pt, 645.87756pt, 99.58464pt)
* \paperwidth=597.50787pt
* \paperheight=845.04684pt
* \textwidth=452.9679pt
* \textheight=670.50687pt
* \oddsidemargin=0.0pt
* \evensidemargin=0.0pt
* \topmargin=0.0pt
* \headheight=0.0pt
* \headsep=0.0pt
* \topskip=12.0pt
* \footskip=30.0pt
* \marginparwidth=88.0pt
* \marginparsep=7.0pt
* \columnsep=10.0pt
* \skip\footins=10.8pt plus 4.0pt minus 2.0pt
* \hoffset=0.0pt
* \voffset=0.0pt
* \mag=1000
* \@twocolumnfalse
* \@twosidetrue
* \@mparswitchtrue
* \@reversemarginfalse
* (1in=72.27pt=25.4mm, 1cm=28.453pt)

\c@lstlisting=\count160
Package caption Info: Begin \AtBeginDocument code.
Package caption Info: float package is loaded.
Package caption Info: End \AtBeginDocument code.
(/usr/local/texlive/2013/texmf-dist/tex/latex/oberdiek/epstopdf-base.sty
Package: epstopdf-base 2010/02/09 v2.5 Base part for package epstopdf

(/usr/local/texlive/2013/texmf-dist/tex/latex/oberdiek/grfext.sty
Package: grfext 2010/08/19 v1.1 Manage graphics extensions (HO)
)
Package grfext Info: Graphics extension search list:
(grfext)             [.png,.pdf,.jpg,.mps,.jpeg,.jbig2,.jb2,.PNG,.PDF,.JPG,.JPE
G,.JBIG2,.JB2,.eps]
(grfext)             \AppendGraphicsExtensions on input line 452.

(/usr/local/texlive/2013/texmf-dist/tex/latex/latexconfig/epstopdf-sys.cfg
File: epstopdf-sys.cfg 2010/07/13 v1.3 Configuration of (r)epstopdf for TeX Liv
e
))
ABD: EveryShipout initializing macros (./portada.tex
LaTeX Font Info:    Font shape `T1/ptm/bx/n' in size <20.74> not available
(Font)              Font shape `T1/ptm/b/n' tried instead on input line 18.
LaTeX Font Info:    Font shape `T1/ptm/bx/n' in size <17.28> not available
(Font)              Font shape `T1/ptm/b/n' tried instead on input line 22.
Package babel Info: Redefining spanish shorthand <<
(babel)             in language append on input line 38.
Package babel Info: Redefining spanish shorthand >>
(babel)             in language append on input line 38.
Package babel Info: Redefining spanish shorthand "=
(babel)             in language append on input line 38.
Package babel Info: Redefining spanish shorthand "~
(babel)             in language append on input line 38.
Package babel Info: Redefining spanish shorthand "!
(babel)             in language append on input line 38.
Package babel Info: Redefining spanish shorthand "?
(babel)             in language append on input line 38.
Package babel Info: Redefining spanish shorthand <<
(babel)             in language append on input line 38.
Package babel Info: Redefining spanish shorthand >>
(babel)             in language append on input line 38.
Package babel Info: Redefining spanish shorthand "=
(babel)             in language append on input line 38.
Package babel Info: Redefining spanish shorthand "~
(babel)             in language append on input line 38.
Package babel Info: Redefining spanish shorthand "!
(babel)             in language append on input line 38.
Package babel Info: Redefining spanish shorthand "?
(babel)             in language append on input line 38.
 [1


{/usr/local/texlive/2013/texmf-var/fonts/map/pdftex/updmap/pdftex.map}])
Package babel Info: Redefining spanish shorthand <<
(babel)             in language append on input line 33.
Package babel Info: Redefining spanish shorthand >>
(babel)             in language append on input line 33.
Package babel Info: Redefining spanish shorthand "=
(babel)             in language append on input line 33.
Package babel Info: Redefining spanish shorthand "~
(babel)             in language append on input line 33.
Package babel Info: Redefining spanish shorthand "!
(babel)             in language append on input line 33.
Package babel Info: Redefining spanish shorthand "?
(babel)             in language append on input line 33.
Package babel Info: Redefining spanish shorthand <<
(babel)             in language append on input line 33.
Package babel Info: Redefining spanish shorthand >>
(babel)             in language append on input line 33.
Package babel Info: Redefining spanish shorthand "=
(babel)             in language append on input line 33.
Package babel Info: Redefining spanish shorthand "~
(babel)             in language append on input line 33.
Package babel Info: Redefining spanish shorthand "!
(babel)             in language append on input line 33.
Package babel Info: Redefining spanish shorthand "?
(babel)             in language append on input line 33.
 [2

] (./primerahoja.tex)
Package babel Info: Redefining spanish shorthand <<
(babel)             in language append on input line 36.
Package babel Info: Redefining spanish shorthand >>
(babel)             in language append on input line 36.
Package babel Info: Redefining spanish shorthand "=
(babel)             in language append on input line 36.
Package babel Info: Redefining spanish shorthand "~
(babel)             in language append on input line 36.
Package babel Info: Redefining spanish shorthand "!
(babel)             in language append on input line 36.
Package babel Info: Redefining spanish shorthand "?
(babel)             in language append on input line 36.
Package babel Info: Redefining spanish shorthand <<
(babel)             in language append on input line 36.
Package babel Info: Redefining spanish shorthand >>
(babel)             in language append on input line 36.
Package babel Info: Redefining spanish shorthand "=
(babel)             in language append on input line 36.
Package babel Info: Redefining spanish shorthand "~
(babel)             in language append on input line 36.
Package babel Info: Redefining spanish shorthand "!
(babel)             in language append on input line 36.
Package babel Info: Redefining spanish shorthand "?
(babel)             in language append on input line 36.

[3]
Package babel Info: Redefining spanish shorthand <<
(babel)             in language append on input line 36.
Package babel Info: Redefining spanish shorthand >>
(babel)             in language append on input line 36.
Package babel Info: Redefining spanish shorthand "=
(babel)             in language append on input line 36.
Package babel Info: Redefining spanish shorthand "~
(babel)             in language append on input line 36.
Package babel Info: Redefining spanish shorthand "!
(babel)             in language append on input line 36.
Package babel Info: Redefining spanish shorthand "?
(babel)             in language append on input line 36.
Package babel Info: Redefining spanish shorthand <<
(babel)             in language append on input line 36.
Package babel Info: Redefining spanish shorthand >>
(babel)             in language append on input line 36.
Package babel Info: Redefining spanish shorthand "=
(babel)             in language append on input line 36.
Package babel Info: Redefining spanish shorthand "~
(babel)             in language append on input line 36.
Package babel Info: Redefining spanish shorthand "!
(babel)             in language append on input line 36.
Package babel Info: Redefining spanish shorthand "?
(babel)             in language append on input line 36.
 [4

] (./previo.tex
Package babel Info: Redefining spanish shorthand <<
(babel)             in language append on input line 14.
Package babel Info: Redefining spanish shorthand >>
(babel)             in language append on input line 14.
Package babel Info: Redefining spanish shorthand "=
(babel)             in language append on input line 14.
Package babel Info: Redefining spanish shorthand "~
(babel)             in language append on input line 14.
Package babel Info: Redefining spanish shorthand "!
(babel)             in language append on input line 14.
Package babel Info: Redefining spanish shorthand "?
(babel)             in language append on input line 14.
Package babel Info: Redefining spanish shorthand <<
(babel)             in language append on input line 14.
Package babel Info: Redefining spanish shorthand >>
(babel)             in language append on input line 14.
Package babel Info: Redefining spanish shorthand "=
(babel)             in language append on input line 14.
Package babel Info: Redefining spanish shorthand "~
(babel)             in language append on input line 14.
Package babel Info: Redefining spanish shorthand "!
(babel)             in language append on input line 14.
Package babel Info: Redefining spanish shorthand "?
(babel)             in language append on input line 14.
 [1

]
Package babel Info: Redefining spanish shorthand <<
(babel)             in language append on input line 14.
Package babel Info: Redefining spanish shorthand >>
(babel)             in language append on input line 14.
Package babel Info: Redefining spanish shorthand "=
(babel)             in language append on input line 14.
Package babel Info: Redefining spanish shorthand "~
(babel)             in language append on input line 14.
Package babel Info: Redefining spanish shorthand "!
(babel)             in language append on input line 14.
Package babel Info: Redefining spanish shorthand "?
(babel)             in language append on input line 14.
Package babel Info: Redefining spanish shorthand <<
(babel)             in language append on input line 14.
Package babel Info: Redefining spanish shorthand >>
(babel)             in language append on input line 14.
Package babel Info: Redefining spanish shorthand "=
(babel)             in language append on input line 14.
Package babel Info: Redefining spanish shorthand "~
(babel)             in language append on input line 14.
Package babel Info: Redefining spanish shorthand "!
(babel)             in language append on input line 14.
Package babel Info: Redefining spanish shorthand "?
(babel)             in language append on input line 14.
 [2

])
LaTeX Font Info:    Font shape `T1/ptm/bx/n' in size <24.88> not available
(Font)              Font shape `T1/ptm/b/n' tried instead on input line 44.


Package hyperref Warning: old toc file detected, not used; run LaTeX again.

\tf@toc=\write5
\openout5 = `main.toc'.

Package babel Info: Redefining spanish shorthand <<
(babel)             in language append on input line 45.
Package babel Info: Redefining spanish shorthand >>
(babel)             in language append on input line 45.
Package babel Info: Redefining spanish shorthand "=
(babel)             in language append on input line 45.
Package babel Info: Redefining spanish shorthand "~
(babel)             in language append on input line 45.
Package babel Info: Redefining spanish shorthand "!
(babel)             in language append on input line 45.
Package babel Info: Redefining spanish shorthand "?
(babel)             in language append on input line 45.
Package babel Info: Redefining spanish shorthand <<
(babel)             in language append on input line 45.
Package babel Info: Redefining spanish shorthand >>
(babel)             in language append on input line 45.
Package babel Info: Redefining spanish shorthand "=
(babel)             in language append on input line 45.
Package babel Info: Redefining spanish shorthand "~
(babel)             in language append on input line 45.
Package babel Info: Redefining spanish shorthand "!
(babel)             in language append on input line 45.
Package babel Info: Redefining spanish shorthand "?
(babel)             in language append on input line 45.
[3


]
Package babel Info: Redefining spanish shorthand <<
(babel)             in language append on input line 45.
Package babel Info: Redefining spanish shorthand >>
(babel)             in language append on input line 45.
Package babel Info: Redefining spanish shorthand "=
(babel)             in language append on input line 45.
Package babel Info: Redefining spanish shorthand "~
(babel)             in language append on input line 45.
Package babel Info: Redefining spanish shorthand "!
(babel)             in language append on input line 45.
Package babel Info: Redefining spanish shorthand "?
(babel)             in language append on input line 45.
Package babel Info: Redefining spanish shorthand <<
(babel)             in language append on input line 45.
Package babel Info: Redefining spanish shorthand >>
(babel)             in language append on input line 45.
Package babel Info: Redefining spanish shorthand "=
(babel)             in language append on input line 45.
Package babel Info: Redefining spanish shorthand "~
(babel)             in language append on input line 45.
Package babel Info: Redefining spanish shorthand "!
(babel)             in language append on input line 45.
Package babel Info: Redefining spanish shorthand "?
(babel)             in language append on input line 45.
 [4

]

Package hyperref Warning: old lof file detected, not used; run LaTeX again.

\tf@lof=\write6
\openout6 = `main.lof'.

Package babel Info: Redefining spanish shorthand <<
(babel)             in language append on input line 46.
Package babel Info: Redefining spanish shorthand >>
(babel)             in language append on input line 46.
Package babel Info: Redefining spanish shorthand "=
(babel)             in language append on input line 46.
Package babel Info: Redefining spanish shorthand "~
(babel)             in language append on input line 46.
Package babel Info: Redefining spanish shorthand "!
(babel)             in language append on input line 46.
Package babel Info: Redefining spanish shorthand "?
(babel)             in language append on input line 46.
Package babel Info: Redefining spanish shorthand <<
(babel)             in language append on input line 46.
Package babel Info: Redefining spanish shorthand >>
(babel)             in language append on input line 46.
Package babel Info: Redefining spanish shorthand "=
(babel)             in language append on input line 46.
Package babel Info: Redefining spanish shorthand "~
(babel)             in language append on input line 46.
Package babel Info: Redefining spanish shorthand "!
(babel)             in language append on input line 46.
Package babel Info: Redefining spanish shorthand "?
(babel)             in language append on input line 46.
[5]
Package babel Info: Redefining spanish shorthand <<
(babel)             in language append on input line 46.
Package babel Info: Redefining spanish shorthand >>
(babel)             in language append on input line 46.
Package babel Info: Redefining spanish shorthand "=
(babel)             in language append on input line 46.
Package babel Info: Redefining spanish shorthand "~
(babel)             in language append on input line 46.
Package babel Info: Redefining spanish shorthand "!
(babel)             in language append on input line 46.
Package babel Info: Redefining spanish shorthand "?
(babel)             in language append on input line 46.
Package babel Info: Redefining spanish shorthand <<
(babel)             in language append on input line 46.
Package babel Info: Redefining spanish shorthand >>
(babel)             in language append on input line 46.
Package babel Info: Redefining spanish shorthand "=
(babel)             in language append on input line 46.
Package babel Info: Redefining spanish shorthand "~
(babel)             in language append on input line 46.
Package babel Info: Redefining spanish shorthand "!
(babel)             in language append on input line 46.
Package babel Info: Redefining spanish shorthand "?
(babel)             in language append on input line 46.
 [6

]

Package hyperref Warning: old lot file detected, not used; run LaTeX again.

\tf@lot=\write7
\openout7 = `main.lot'.

Package babel Info: Redefining spanish shorthand <<
(babel)             in language append on input line 48.
Package babel Info: Redefining spanish shorthand >>
(babel)             in language append on input line 48.
Package babel Info: Redefining spanish shorthand "=
(babel)             in language append on input line 48.
Package babel Info: Redefining spanish shorthand "~
(babel)             in language append on input line 48.
Package babel Info: Redefining spanish shorthand "!
(babel)             in language append on input line 48.
Package babel Info: Redefining spanish shorthand "?
(babel)             in language append on input line 48.
Package babel Info: Redefining spanish shorthand <<
(babel)             in language append on input line 48.
Package babel Info: Redefining spanish shorthand >>
(babel)             in language append on input line 48.
Package babel Info: Redefining spanish shorthand "=
(babel)             in language append on input line 48.
Package babel Info: Redefining spanish shorthand "~
(babel)             in language append on input line 48.
Package babel Info: Redefining spanish shorthand "!
(babel)             in language append on input line 48.
Package babel Info: Redefining spanish shorthand "?
(babel)             in language append on input line 48.
[7]
Package babel Info: Redefining spanish shorthand <<
(babel)             in language append on input line 48.
Package babel Info: Redefining spanish shorthand >>
(babel)             in language append on input line 48.
Package babel Info: Redefining spanish shorthand "=
(babel)             in language append on input line 48.
Package babel Info: Redefining spanish shorthand "~
(babel)             in language append on input line 48.
Package babel Info: Redefining spanish shorthand "!
(babel)             in language append on input line 48.
Package babel Info: Redefining spanish shorthand "?
(babel)             in language append on input line 48.
Package babel Info: Redefining spanish shorthand <<
(babel)             in language append on input line 48.
Package babel Info: Redefining spanish shorthand >>
(babel)             in language append on input line 48.
Package babel Info: Redefining spanish shorthand "=
(babel)             in language append on input line 48.
Package babel Info: Redefining spanish shorthand "~
(babel)             in language append on input line 48.
Package babel Info: Redefining spanish shorthand "!
(babel)             in language append on input line 48.
Package babel Info: Redefining spanish shorthand "?
(babel)             in language append on input line 48.
 [8

]
Cap\'{\i }tulo 1.
Package babel Info: Redefining spanish shorthand <<
(babel)             in language append on input line 51.
Package babel Info: Redefining spanish shorthand >>
(babel)             in language append on input line 51.
Package babel Info: Redefining spanish shorthand "=
(babel)             in language append on input line 51.
Package babel Info: Redefining spanish shorthand "~
(babel)             in language append on input line 51.
Package babel Info: Redefining spanish shorthand "!
(babel)             in language append on input line 51.
Package babel Info: Redefining spanish shorthand "?
(babel)             in language append on input line 51.
(./cap1.tex)
Package babel Info: Redefining spanish shorthand <<
(babel)             in language append on input line 54.
Package babel Info: Redefining spanish shorthand >>
(babel)             in language append on input line 54.
Package babel Info: Redefining spanish shorthand "=
(babel)             in language append on input line 54.
Package babel Info: Redefining spanish shorthand "~
(babel)             in language append on input line 54.
Package babel Info: Redefining spanish shorthand "!
(babel)             in language append on input line 54.
Package babel Info: Redefining spanish shorthand "?
(babel)             in language append on input line 54.
Package babel Info: Redefining spanish shorthand <<
(babel)             in language append on input line 54.
Package babel Info: Redefining spanish shorthand >>
(babel)             in language append on input line 54.
Package babel Info: Redefining spanish shorthand "=
(babel)             in language append on input line 54.
Package babel Info: Redefining spanish shorthand "~
(babel)             in language append on input line 54.
Package babel Info: Redefining spanish shorthand "!
(babel)             in language append on input line 54.
Package babel Info: Redefining spanish shorthand "?
(babel)             in language append on input line 54.
pdfTeX warning (ext4): destination with the same identifier (name{page.1}) has 
been already used, duplicate ignored
<to be read again> 
                   \relax 
l.54 \chapter
             {Estado del arte} [1

]
Package babel Info: Redefining spanish shorthand <<
(babel)             in language append on input line 54.
Package babel Info: Redefining spanish shorthand >>
(babel)             in language append on input line 54.
Package babel Info: Redefining spanish shorthand "=
(babel)             in language append on input line 54.
Package babel Info: Redefining spanish shorthand "~
(babel)             in language append on input line 54.
Package babel Info: Redefining spanish shorthand "!
(babel)             in language append on input line 54.
Package babel Info: Redefining spanish shorthand "?
(babel)             in language append on input line 54.
Package babel Info: Redefining spanish shorthand <<
(babel)             in language append on input line 54.
Package babel Info: Redefining spanish shorthand >>
(babel)             in language append on input line 54.
Package babel Info: Redefining spanish shorthand "=
(babel)             in language append on input line 54.
Package babel Info: Redefining spanish shorthand "~
(babel)             in language append on input line 54.
Package babel Info: Redefining spanish shorthand "!
(babel)             in language append on input line 54.
Package babel Info: Redefining spanish shorthand "?
(babel)             in language append on input line 54.
pdfTeX warning (ext4): destination with the same identifier (name{page.2}) has 
been already used, duplicate ignored
<to be read again> 
                   \relax 
l.54 \chapter
             {Estado del arte} [2

]
Cap\'{\i }tulo 2.
Package babel Info: Redefining spanish shorthand <<
(babel)             in language append on input line 54.
Package babel Info: Redefining spanish shorthand >>
(babel)             in language append on input line 54.
Package babel Info: Redefining spanish shorthand "=
(babel)             in language append on input line 54.
Package babel Info: Redefining spanish shorthand "~
(babel)             in language append on input line 54.
Package babel Info: Redefining spanish shorthand "!
(babel)             in language append on input line 54.
Package babel Info: Redefining spanish shorthand "?
(babel)             in language append on input line 54.
(./cap2.tex)
Package babel Info: Redefining spanish shorthand <<
(babel)             in language append on input line 57.
Package babel Info: Redefining spanish shorthand >>
(babel)             in language append on input line 57.
Package babel Info: Redefining spanish shorthand "=
(babel)             in language append on input line 57.
Package babel Info: Redefining spanish shorthand "~
(babel)             in language append on input line 57.
Package babel Info: Redefining spanish shorthand "!
(babel)             in language append on input line 57.
Package babel Info: Redefining spanish shorthand "?
(babel)             in language append on input line 57.
Package babel Info: Redefining spanish shorthand <<
(babel)             in language append on input line 57.
Package babel Info: Redefining spanish shorthand >>
(babel)             in language append on input line 57.
Package babel Info: Redefining spanish shorthand "=
(babel)             in language append on input line 57.
Package babel Info: Redefining spanish shorthand "~
(babel)             in language append on input line 57.
Package babel Info: Redefining spanish shorthand "!
(babel)             in language append on input line 57.
Package babel Info: Redefining spanish shorthand "?
(babel)             in language append on input line 57.
pdfTeX warning (ext4): destination with the same identifier (name{page.3}) has 
been already used, duplicate ignored
<to be read again> 
                   \relax 
l.57 \chapter
             {Desarrollo del proyecto} [3]
Package babel Info: Redefining spanish shorthand <<
(babel)             in language append on input line 57.
Package babel Info: Redefining spanish shorthand >>
(babel)             in language append on input line 57.
Package babel Info: Redefining spanish shorthand "=
(babel)             in language append on input line 57.
Package babel Info: Redefining spanish shorthand "~
(babel)             in language append on input line 57.
Package babel Info: Redefining spanish shorthand "!
(babel)             in language append on input line 57.
Package babel Info: Redefining spanish shorthand "?
(babel)             in language append on input line 57.
Package babel Info: Redefining spanish shorthand <<
(babel)             in language append on input line 57.
Package babel Info: Redefining spanish shorthand >>
(babel)             in language append on input line 57.
Package babel Info: Redefining spanish shorthand "=
(babel)             in language append on input line 57.
Package babel Info: Redefining spanish shorthand "~
(babel)             in language append on input line 57.
Package babel Info: Redefining spanish shorthand "!
(babel)             in language append on input line 57.
Package babel Info: Redefining spanish shorthand "?
(babel)             in language append on input line 57.
pdfTeX warning (ext4): destination with the same identifier (name{page.4}) has 
been already used, duplicate ignored
<to be read again> 
                   \relax 
l.57 \chapter
             {Desarrollo del proyecto} [4

]
Cap\'{\i }tulo 3.
Package babel Info: Redefining spanish shorthand <<
(babel)             in language append on input line 57.
Package babel Info: Redefining spanish shorthand >>
(babel)             in language append on input line 57.
Package babel Info: Redefining spanish shorthand "=
(babel)             in language append on input line 57.
Package babel Info: Redefining spanish shorthand "~
(babel)             in language append on input line 57.
Package babel Info: Redefining spanish shorthand "!
(babel)             in language append on input line 57.
Package babel Info: Redefining spanish shorthand "?
(babel)             in language append on input line 57.
(./cap3.tex)
Package babel Info: Redefining spanish shorthand <<
(babel)             in language append on input line 60.
Package babel Info: Redefining spanish shorthand >>
(babel)             in language append on input line 60.
Package babel Info: Redefining spanish shorthand "=
(babel)             in language append on input line 60.
Package babel Info: Redefining spanish shorthand "~
(babel)             in language append on input line 60.
Package babel Info: Redefining spanish shorthand "!
(babel)             in language append on input line 60.
Package babel Info: Redefining spanish shorthand "?
(babel)             in language append on input line 60.
Package babel Info: Redefining spanish shorthand <<
(babel)             in language append on input line 60.
Package babel Info: Redefining spanish shorthand >>
(babel)             in language append on input line 60.
Package babel Info: Redefining spanish shorthand "=
(babel)             in language append on input line 60.
Package babel Info: Redefining spanish shorthand "~
(babel)             in language append on input line 60.
Package babel Info: Redefining spanish shorthand "!
(babel)             in language append on input line 60.
Package babel Info: Redefining spanish shorthand "?
(babel)             in language append on input line 60.
 [5]
Package babel Info: Redefining spanish shorthand <<
(babel)             in language append on input line 60.
Package babel Info: Redefining spanish shorthand >>
(babel)             in language append on input line 60.
Package babel Info: Redefining spanish shorthand "=
(babel)             in language append on input line 60.
Package babel Info: Redefining spanish shorthand "~
(babel)             in language append on input line 60.
Package babel Info: Redefining spanish shorthand "!
(babel)             in language append on input line 60.
Package babel Info: Redefining spanish shorthand "?
(babel)             in language append on input line 60.
Package babel Info: Redefining spanish shorthand <<
(babel)             in language append on input line 60.
Package babel Info: Redefining spanish shorthand >>
(babel)             in language append on input line 60.
Package babel Info: Redefining spanish shorthand "=
(babel)             in language append on input line 60.
Package babel Info: Redefining spanish shorthand "~
(babel)             in language append on input line 60.
Package babel Info: Redefining spanish shorthand "!
(babel)             in language append on input line 60.
Package babel Info: Redefining spanish shorthand "?
(babel)             in language append on input line 60.
 [6

]
Cap\'{\i }tulo 4.
Package babel Info: Redefining spanish shorthand <<
(babel)             in language append on input line 60.
Package babel Info: Redefining spanish shorthand >>
(babel)             in language append on input line 60.
Package babel Info: Redefining spanish shorthand "=
(babel)             in language append on input line 60.
Package babel Info: Redefining spanish shorthand "~
(babel)             in language append on input line 60.
Package babel Info: Redefining spanish shorthand "!
(babel)             in language append on input line 60.
Package babel Info: Redefining spanish shorthand "?
(babel)             in language append on input line 60.
(./cap4.tex)
Package babel Info: Redefining spanish shorthand <<
(babel)             in language append on input line 63.
Package babel Info: Redefining spanish shorthand >>
(babel)             in language append on input line 63.
Package babel Info: Redefining spanish shorthand "=
(babel)             in language append on input line 63.
Package babel Info: Redefining spanish shorthand "~
(babel)             in language append on input line 63.
Package babel Info: Redefining spanish shorthand "!
(babel)             in language append on input line 63.
Package babel Info: Redefining spanish shorthand "?
(babel)             in language append on input line 63.
Package babel Info: Redefining spanish shorthand <<
(babel)             in language append on input line 63.
Package babel Info: Redefining spanish shorthand >>
(babel)             in language append on input line 63.
Package babel Info: Redefining spanish shorthand "=
(babel)             in language append on input line 63.
Package babel Info: Redefining spanish shorthand "~
(babel)             in language append on input line 63.
Package babel Info: Redefining spanish shorthand "!
(babel)             in language append on input line 63.
Package babel Info: Redefining spanish shorthand "?
(babel)             in language append on input line 63.
 [7]
Package babel Info: Redefining spanish shorthand <<
(babel)             in language append on input line 63.
Package babel Info: Redefining spanish shorthand >>
(babel)             in language append on input line 63.
Package babel Info: Redefining spanish shorthand "=
(babel)             in language append on input line 63.
Package babel Info: Redefining spanish shorthand "~
(babel)             in language append on input line 63.
Package babel Info: Redefining spanish shorthand "!
(babel)             in language append on input line 63.
Package babel Info: Redefining spanish shorthand "?
(babel)             in language append on input line 63.
Package babel Info: Redefining spanish shorthand <<
(babel)             in language append on input line 63.
Package babel Info: Redefining spanish shorthand >>
(babel)             in language append on input line 63.
Package babel Info: Redefining spanish shorthand "=
(babel)             in language append on input line 63.
Package babel Info: Redefining spanish shorthand "~
(babel)             in language append on input line 63.
Package babel Info: Redefining spanish shorthand "!
(babel)             in language append on input line 63.
Package babel Info: Redefining spanish shorthand "?
(babel)             in language append on input line 63.
 [8

]
Cap\'{\i }tulo 5.
Package babel Info: Redefining spanish shorthand <<
(babel)             in language append on input line 63.
Package babel Info: Redefining spanish shorthand >>
(babel)             in language append on input line 63.
Package babel Info: Redefining spanish shorthand "=
(babel)             in language append on input line 63.
Package babel Info: Redefining spanish shorthand "~
(babel)             in language append on input line 63.
Package babel Info: Redefining spanish shorthand "!
(babel)             in language append on input line 63.
Package babel Info: Redefining spanish shorthand "?
(babel)             in language append on input line 63.
(./cap5.tex)
Package babel Info: Redefining spanish shorthand <<
(babel)             in language append on input line 67.
Package babel Info: Redefining spanish shorthand >>
(babel)             in language append on input line 67.
Package babel Info: Redefining spanish shorthand "=
(babel)             in language append on input line 67.
Package babel Info: Redefining spanish shorthand "~
(babel)             in language append on input line 67.
Package babel Info: Redefining spanish shorthand "!
(babel)             in language append on input line 67.
Package babel Info: Redefining spanish shorthand "?
(babel)             in language append on input line 67.
Package babel Info: Redefining spanish shorthand <<
(babel)             in language append on input line 67.
Package babel Info: Redefining spanish shorthand >>
(babel)             in language append on input line 67.
Package babel Info: Redefining spanish shorthand "=
(babel)             in language append on input line 67.
Package babel Info: Redefining spanish shorthand "~
(babel)             in language append on input line 67.
Package babel Info: Redefining spanish shorthand "!
(babel)             in language append on input line 67.
Package babel Info: Redefining spanish shorthand "?
(babel)             in language append on input line 67.
 [9]
Package babel Info: Redefining spanish shorthand <<
(babel)             in language append on input line 67.
Package babel Info: Redefining spanish shorthand >>
(babel)             in language append on input line 67.
Package babel Info: Redefining spanish shorthand "=
(babel)             in language append on input line 67.
Package babel Info: Redefining spanish shorthand "~
(babel)             in language append on input line 67.
Package babel Info: Redefining spanish shorthand "!
(babel)             in language append on input line 67.
Package babel Info: Redefining spanish shorthand "?
(babel)             in language append on input line 67.
Package babel Info: Redefining spanish shorthand <<
(babel)             in language append on input line 67.
Package babel Info: Redefining spanish shorthand >>
(babel)             in language append on input line 67.
Package babel Info: Redefining spanish shorthand "=
(babel)             in language append on input line 67.
Package babel Info: Redefining spanish shorthand "~
(babel)             in language append on input line 67.
Package babel Info: Redefining spanish shorthand "!
(babel)             in language append on input line 67.
Package babel Info: Redefining spanish shorthand "?
(babel)             in language append on input line 67.
 [10

]
Package babel Info: Redefining spanish shorthand <<
(babel)             in language append on input line 73.
Package babel Info: Redefining spanish shorthand >>
(babel)             in language append on input line 73.
Package babel Info: Redefining spanish shorthand "=
(babel)             in language append on input line 73.
Package babel Info: Redefining spanish shorthand "~
(babel)             in language append on input line 73.
Package babel Info: Redefining spanish shorthand "!
(babel)             in language append on input line 73.
Package babel Info: Redefining spanish shorthand "?
(babel)             in language append on input line 73.


Package hyperref Warning: Token not allowed in a PDF string (PDFDocEncoding):
(hyperref)                removing `\mathchar' on input line 73.


Package hyperref Warning: Token not allowed in a PDF string (PDFDocEncoding):
(hyperref)                removing `\not' on input line 73.

No file main.bbl.
Package atveryend Info: Empty hook `BeforeClearDocument' on input line 78.
Package atveryend Info: Empty hook `AfterLastShipout' on input line 78.
(./main.aux
LaTeX Info: Redefining \. on input line 24.
LaTeX Info: Redefining \% on input line 24.
)
Package atveryend Info: Executing hook `AtVeryEndDocument' on input line 78.
Package atveryend Info: Executing hook `AtEndAfterFileList' on input line 78.


Package rerunfilecheck Warning: File `main.out' has changed.
(rerunfilecheck)                Rerun to get outlines right
(rerunfilecheck)                or use package `bookmark'.

Package rerunfilecheck Info: Checksums for `main.out':
(rerunfilecheck)             Before: D41D8CD98F00B204E9800998ECF8427E;0
(rerunfilecheck)             After:  8D0B2CCEB3EE1975B736E75985B4E64C;265.
Package atveryend Info: Empty hook `AtVeryVeryEnd' on input line 78.
 ) 
Here is how much of TeX's memory you used:
 18693 strings out of 493315
 318784 string characters out of 6137905
 400048 words of memory out of 5000000
 21754 multiletter control sequences out of 15000+600000
 29781 words of font info for 32 fonts, out of 8000000 for 9000
 957 hyphenation exceptions out of 8191
 61i,5n,57p,462b,367s stack positions out of 5000i,500n,10000p,200000b,80000s
{/usr/local/texlive/2013/texmf-dist/fonts/enc/dvips/base/8r.enc}</usr/local/t
exlive/2013/texmf-dist/fonts/type1/urw/times/utmb8a.pfb></usr/local/texlive/201
3/texmf-dist/fonts/type1/urw/times/utmr8a.pfb>
Output written on main.pdf (22 pages, 35584 bytes).
PDF statistics:
 123 PDF objects out of 1000 (max. 8388607)
 96 compressed objects within 1 object stream
 28 named destinations out of 1000 (max. 500000)
 13 words of extra memory for PDF output out of 10000 (max. 10000000)

